<?xml version="1.0" encoding="UTF-8"?>
<!-- Generated by org.testng.reporters.JUnitReportReporter -->
<testsuite hostname="Mohammeds-MacBook-Pro.local" failures="0" tests="1" name="Selenium.YahooSignUpValidation" time="5.121" errors="0" timestamp="2020-10-19T21:03:09 EDT" skipped="0">
  <testcase classname="Selenium.YahooSignUpValidation" name="testLogoDisplay" time="5.121"/>
  <system-out/>
</testsuite> <!-- Selenium.YahooSignUpValidation -->
