<?xml version="1.0" encoding="UTF-8"?>
<!-- Generated by org.testng.reporters.JUnitReportReporter -->
<testsuite hostname="Mohammeds-MacBook-Pro.local" failures="0" tests="2" name="Selenium.YahooSignUpValidation2" time="21.066" errors="0" timestamp="2020-10-26T15:17:16 EDT" skipped="0">
  <testcase classname="Selenium.YahooSignUpValidation2" name="testButtonShown" time="6.581"/>
  <system-out/>
  <testcase classname="Selenium.YahooSignUpValidation2" name="testPageTitle" time="14.485"/>
  <system-out/>
</testsuite> <!-- Selenium.YahooSignUpValidation2 -->
