<?xml version="1.0" encoding="UTF-8"?>
<!-- Generated by org.testng.reporters.JUnitReportReporter -->
<testsuite hostname="Mohammeds-MacBook-Pro.local" failures="0" tests="2" name="Selenium.YahooSignUpValidation2" time="7.769" errors="0" timestamp="2020-10-19T21:03:09 EDT" skipped="0">
  <testcase classname="Selenium.YahooSignUpValidation2" name="testPageTitle" time="3.833"/>
  <system-out/>
  <testcase classname="Selenium.YahooSignUpValidation2" name="testButtonShown" time="3.936"/>
  <system-out/>
</testsuite> <!-- Selenium.YahooSignUpValidation2 -->
