<?xml version="1.0" encoding="UTF-8"?>
<!-- Generated by org.testng.reporters.JUnitReportReporter -->
<testsuite hostname="Mohammeds-MacBook-Pro.local" failures="0" tests="1" name="Selenium.yahooSignUpValidation3" time="3.746" errors="0" timestamp="2020-10-19T20:57:53 EDT" skipped="0">
  <testcase classname="Selenium.yahooSignUpValidation3" name="testPageURL" time="3.746"/>
  <system-out/>
</testsuite> <!-- Selenium.yahooSignUpValidation3 -->
