<?xml version="1.0" encoding="UTF-8"?>
<!-- Generated by org.testng.reporters.JUnitReportReporter -->
<testsuite hostname="Mohammeds-MacBook-Pro.local" failures="0" tests="1" name="Selenium.TestNGDemo" time="0.041" errors="0" timestamp="2020-10-14T17:43:37 EDT" skipped="0">
  <testcase classname="Selenium.TestNGDemo" name="testCase1" time="0.041"/>
  <system-out/>
</testsuite> <!-- Selenium.TestNGDemo -->
