<?xml version="1.0" encoding="UTF-8"?>
<!-- Generated by org.testng.reporters.JUnitReportReporter -->
<testsuite hostname="Mohammeds-MacBook-Pro.local" failures="0" tests="4" name="Selenium.YahooSignUpValidation" time="12.922" errors="0" timestamp="2020-10-26T17:53:40 EDT" skipped="0">
  <testcase classname="Selenium.YahooSignUpValidation" name="testPageTitle" time="2.601"/>
  <system-out/>
  <testcase classname="Selenium.YahooSignUpValidation" name="testButtonShown" time="5.035"/>
  <system-out/>
  <testcase classname="Selenium.YahooSignUpValidation" name="testLogoDisplay" time="2.594"/>
  <system-out/>
  <testcase classname="Selenium.YahooSignUpValidation" name="testPageURL" time="2.692"/>
  <system-out/>
</testsuite> <!-- Selenium.YahooSignUpValidation -->
